<?xml version="1.0" encoding="UTF-8"?>
<!-- Generated by org.testng.reporters.JUnitReportReporter -->
<testsuite hostname="DESKTOP-9QUA2Q8" failures="0" tests="1" name="testcases.LoginTest" time="0.438" errors="0" timestamp="2024-02-01T20:42:26 IST" skipped="0">
  <testcase classname="testcases.LoginTest" name="loginToApp" time="0.438"/>
</testsuite> <!-- testcases.LoginTest -->
