<?xml version="1.0" encoding="UTF-8"?>
<!-- Generated by org.testng.reporters.JUnitReportReporter -->
<testsuite hostname="DESKTOP-9QUA2Q8" failures="0" tests="1" name="testcases.LoginTest" time="0.653" errors="0" timestamp="2024-02-20T18:59:25 IST" skipped="0">
  <testcase classname="testcases.LoginTest" name="loginToApp" time="0.653"/>
  <system-out/>
</testsuite> <!-- testcases.LoginTest -->
